Hello from task 0
2025-03-05 16:50:03,542 - __main__ - INFO - Start run with seed 0
2025-03-05 16:50:03,542 - __main__ - INFO - Observation: allen
2025-03-05 16:50:03,542 - __main__ - INFO - Loss function: dtw_reg_lowvar
2025-03-05 16:50:03,542 - __main__ - INFO - Number of particles: 1000
2025-03-05 16:50:03,542 - __main__ - INFO - SMC steps: 50
2025-03-05 16:50:03,542 - __main__ - INFO - MCMC steps: 1
2025-03-05 16:50:03,542 - __main__ - INFO - Initial proposal: 50000
2025-03-05 16:50:03,542 - __main__ - INFO - t_max: 199.5
2025-03-05 16:50:03,542 - __main__ - INFO - Setup: 473601979
2025-03-05 16:50:03,542 - __main__ - INFO - JAX version: 0.4.38
2025-03-05 16:50:03,542 - __main__ - INFO - Device: [CudaDevice(id=0)]
2025-03-05 16:50:03,542 - __main__ - INFO - Start run with seed 0
2025-03-05 16:50:03,542 - __main__ - INFO - Building cell and loading data...
2025-03-05 16:50:03,542 - __main__ - INFO - Observation: allen
2025-03-05 16:50:03,542 - __main__ - INFO - Setup: 473601979
/home/macke/mdeistler57/.conda/envs/jaxley/lib/python3.12/site-packages/jaxley/utils/swc.py:33: UserWarning: Found a soma which consists of a single traced point. `Jaxley` interprets this soma as a spherical compartment with radius specified in the SWC file, i.e. with surface area 4*pi*r*r.
  warn(
dt_difference 5.0
Amplitude stimulus: 0.17000000178813934
Added 1 external_states. See `.externals` for details.
Added 1 recordings. See `.recordings` for details.
2025-03-05 16:50:11,284 - __main__ - INFO - Building prior and log likelihood function...
Number of parameters: 25
2025-03-05 16:50:11,991 - __main__ - INFO - Running GA...
Number of parameters: 25
2025-03-05 16:50:35,113 - __main__ - INFO - Minimal loss 291.00329807754076
2025-03-05 16:51:07,441 - __main__ - INFO - Minimal loss 292.2102947143487
2025-03-05 16:51:10,993 - __main__ - INFO - gen	nevals	avg    	std    	min    	max    
1  	1000  	1033.78	404.21 	291.003	2170.25
2  	1000  	1024.07	404.422	291.003	2173.95
2025-03-05 16:51:41,779 - __main__ - INFO - Minimal loss 259.5744795950163
2025-03-05 16:51:44,991 - __main__ - INFO - 3  	1000  	658.696	273.572	259.574	2100.39
2025-03-05 16:52:15,654 - __main__ - INFO - Minimal loss 277.46895770826836
2025-03-05 16:52:19,320 - __main__ - INFO - 4  	1000  	488.9  	224.279	259.574	1807.19
2025-03-05 16:52:50,987 - __main__ - INFO - Minimal loss 223.9153535129573
2025-03-05 16:52:54,350 - __main__ - INFO - 5  	1000  	393.052	158.808	223.915	1909.89
2025-03-05 16:53:24,734 - __main__ - INFO - Minimal loss 231.06704608811427
2025-03-05 16:53:28,006 - __main__ - INFO - 6  	1000  	354.501	126.063	223.915	1886.34
2025-03-05 16:53:59,996 - __main__ - INFO - Minimal loss 217.71087988006528
2025-03-05 16:54:03,560 - __main__ - INFO - 7  	1000  	331.896	92.934 	217.711	1061.17
2025-03-05 16:54:33,712 - __main__ - INFO - Minimal loss 204.30035608188533
2025-03-05 16:54:36,867 - __main__ - INFO - 8  	1000  	325.97 	94.9883	204.3  	1036.8 
2025-03-05 16:55:07,271 - __main__ - INFO - Minimal loss 197.58491362134478
2025-03-05 16:55:10,352 - __main__ - INFO - 9  	1000  	323.939	96.8579	197.585	1034.56
2025-03-05 16:55:40,428 - __main__ - INFO - Minimal loss 229.81902264439285
2025-03-05 16:55:44,202 - __main__ - INFO - 10 	1000  	323.319	100.333	197.585	1125.11
2025-03-05 16:56:12,825 - __main__ - INFO - Minimal loss 195.09512312466782
2025-03-05 16:56:15,938 - __main__ - INFO - 11 	1000  	317.625	93.9175	195.095	955.109
2025-03-05 16:56:45,425 - __main__ - INFO - Minimal loss 207.77426902471703
2025-03-05 16:56:48,925 - __main__ - INFO - 12 	1000  	311.412	96.1629	195.095	873.413
2025-03-05 16:57:19,127 - __main__ - INFO - Minimal loss 203.12826503461977
2025-03-05 16:57:22,627 - __main__ - INFO - 13 	1000  	305.344	95.6639	195.095	905.671
2025-03-05 16:57:52,241 - __main__ - INFO - Minimal loss 180.7662293152471
2025-03-05 16:57:56,514 - __main__ - INFO - 14 	1000  	294.596	94.7785	180.766	940.328
2025-03-05 16:58:26,739 - __main__ - INFO - Minimal loss 188.48918820926158
2025-03-05 16:58:30,520 - __main__ - INFO - 15 	1000  	287.072	91.3128	180.766	830.524
2025-03-05 16:59:00,676 - __main__ - INFO - Minimal loss 170.7783472614996
2025-03-05 16:59:04,608 - __main__ - INFO - 16 	1000  	281.089	92.9312	170.778	737.895
2025-03-05 16:59:32,373 - __main__ - INFO - Minimal loss 191.92959864439516
2025-03-05 16:59:35,545 - __main__ - INFO - 17 	1000  	276.784	95.3154	170.778	839.637
2025-03-05 17:00:04,240 - __main__ - INFO - Minimal loss 178.2988906770261
2025-03-05 17:00:07,450 - __main__ - INFO - 18 	1000  	269.08 	90.4464	170.778	769.388
2025-03-05 17:00:36,234 - __main__ - INFO - Minimal loss 174.81764508444272
2025-03-05 17:00:39,851 - __main__ - INFO - 19 	1000  	269.939	98.2243	170.778	740.785
2025-03-05 17:01:08,221 - __main__ - INFO - Minimal loss 162.44217795274395
2025-03-05 17:01:11,420 - __main__ - INFO - 20 	1000  	268.979	98.9723	162.442	799.7  
2025-03-05 17:01:41,520 - __main__ - INFO - Minimal loss 140.7969676650005
2025-03-05 17:01:44,629 - __main__ - INFO - 21 	1000  	271.157	103.951	140.797	766.338
2025-03-05 17:02:13,838 - __main__ - INFO - Minimal loss 155.0628362141164
2025-03-05 17:02:17,158 - __main__ - INFO - 22 	1000  	269.558	109.006	140.797	843.464
2025-03-05 17:02:46,588 - __main__ - INFO - Minimal loss 167.28262263956097
2025-03-05 17:02:50,256 - __main__ - INFO - 23 	1000  	269.496	112.746	140.797	846.794
2025-03-05 17:03:20,151 - __main__ - INFO - Minimal loss 166.1865538060151
2025-03-05 17:03:24,777 - __main__ - INFO - 24 	1000  	260.939	105.018	140.797	796.441
2025-03-05 17:03:54,853 - __main__ - INFO - Minimal loss 158.8312861978757
2025-03-05 17:03:58,403 - __main__ - INFO - 25 	1000  	258.257	108.03 	140.797	820.815
2025-03-05 17:04:27,605 - __main__ - INFO - Minimal loss 156.91114295673387
2025-03-05 17:04:31,007 - __main__ - INFO - 26 	1000  	257.906	110.995	140.797	741.663
2025-03-05 17:04:59,227 - __main__ - INFO - Minimal loss 148.36068501010644
2025-03-05 17:05:02,678 - __main__ - INFO - 27 	1000  	252.487	107.827	140.797	746.056
2025-03-05 17:05:31,244 - __main__ - INFO - Minimal loss 131.34785683550504
2025-03-05 17:05:36,308 - __main__ - INFO - 28 	1000  	254.456	118.745	131.348	778.399
2025-03-05 17:06:04,875 - __main__ - INFO - Minimal loss 131.94551231803942
2025-03-05 17:06:09,307 - __main__ - INFO - 29 	1000  	254.114	121.356	131.348	772.065
2025-03-05 17:06:38,036 - __main__ - INFO - Minimal loss 133.5581982861784
2025-03-05 17:06:41,664 - __main__ - INFO - 30 	1000  	258.848	134.219	131.348	878.198
2025-03-05 17:07:10,227 - __main__ - INFO - Minimal loss 122.28865686328746
2025-03-05 17:07:14,706 - __main__ - INFO - 31 	1000  	254.002	136.401	122.289	787.62 
2025-03-05 17:07:41,785 - __main__ - INFO - Minimal loss 134.2177735017016
2025-03-05 17:07:45,378 - __main__ - INFO - 32 	1000  	248.452	136.302	122.289	781.535
2025-03-05 17:08:11,422 - __main__ - INFO - Minimal loss 132.22608987292588
2025-03-05 17:08:15,291 - __main__ - INFO - 33 	1000  	242.866	136.094	122.289	771.784
2025-03-05 17:08:39,641 - __main__ - INFO - Minimal loss 128.06239665458307
2025-03-05 17:08:42,806 - __main__ - INFO - 34 	1000  	241.502	137.119	122.289	816.095
2025-03-05 17:09:08,076 - __main__ - INFO - Minimal loss 131.64510607223392
2025-03-05 17:09:11,718 - __main__ - INFO - 35 	1000  	239.389	136.82 	122.289	850.252
2025-03-05 17:09:39,474 - __main__ - INFO - Minimal loss 123.81131214562728
2025-03-05 17:09:43,241 - __main__ - INFO - 36 	1000  	239.242	137.773	122.289	888.628
2025-03-05 17:10:12,121 - __main__ - INFO - Minimal loss 115.44102888755575
2025-03-05 17:10:15,814 - __main__ - INFO - 37 	1000  	248.3  	151.533	115.441	771.347
2025-03-05 17:10:46,728 - __main__ - INFO - Minimal loss 127.72577259532525
2025-03-05 17:10:50,344 - __main__ - INFO - 38 	1000  	244.769	148.862	115.441	911.323
2025-03-05 17:11:18,423 - __main__ - INFO - Minimal loss 117.51638950459224
2025-03-05 17:11:22,348 - __main__ - INFO - 39 	1000  	239.499	142.385	116.963	766.507
2025-03-05 17:11:49,487 - __main__ - INFO - Minimal loss 117.55148989593366
2025-03-05 17:11:53,581 - __main__ - INFO - 40 	1000  	241.648	150.847	116.963	860.796
2025-03-05 17:12:18,610 - __main__ - INFO - Minimal loss 127.39779198660344
2025-03-05 17:12:23,103 - __main__ - INFO - 41 	1000  	236.36 	148.982	116.963	824.042
2025-03-05 17:12:47,086 - __main__ - INFO - Minimal loss 119.82420513428977
2025-03-05 17:12:52,503 - __main__ - INFO - 42 	1000  	235.205	151.005	116.963	801.909
2025-03-05 17:13:18,163 - __main__ - INFO - Minimal loss 113.17080992487391
2025-03-05 17:13:23,136 - __main__ - INFO - 43 	1000  	233.931	148.307	113.171	816.122
2025-03-05 17:13:48,144 - __main__ - INFO - Minimal loss 114.31426348801025
2025-03-05 17:13:52,545 - __main__ - INFO - 44 	1000  	234.138	151.92 	113.171	836.373
2025-03-05 17:14:17,543 - __main__ - INFO - Minimal loss 120.42899591124197
2025-03-05 17:14:21,889 - __main__ - INFO - 45 	1000  	233.543	148.168	113.171	850.43 
2025-03-05 17:14:45,266 - __main__ - INFO - Minimal loss 107.7072782656144
2025-03-05 17:14:50,386 - __main__ - INFO - 46 	1000  	235.274	155.57 	107.707	876.976
2025-03-05 17:15:12,104 - __main__ - INFO - Minimal loss 111.18246416731111
2025-03-05 17:15:17,469 - __main__ - INFO - 47 	1000  	229.999	153.096	107.707	790.462
2025-03-05 17:15:39,479 - __main__ - INFO - Minimal loss 109.23723766654106
2025-03-05 17:15:42,674 - __main__ - INFO - 48 	1000  	229.978	153.106	107.707	799.727
2025-03-05 17:16:07,567 - __main__ - INFO - Minimal loss 111.21976377337447
2025-03-05 17:16:11,267 - __main__ - INFO - 49 	1000  	231.449	156.69 	107.707	852.253
2025-03-05 17:16:34,304 - __main__ - INFO - Minimal loss 108.4302424584537
2025-03-05 17:16:37,976 - __main__ - INFO - 50 	1000  	232.531	161.171	107.707	826.757
2025-03-05 17:16:37,976 - __main__ - INFO - Run stopped because of stopping criteria: Max ngen
/home/macke/mdeistler57/.conda/envs/jaxley/lib/python3.12/site-packages/jaxley/utils/swc.py:33: UserWarning: Found a soma which consists of a single traced point. `Jaxley` interprets this soma as a spherical compartment with radius specified in the SWC file, i.e. with surface area 4*pi*r*r.
  warn(
dt_difference 5.0
Amplitude stimulus: 0.17000000178813934
Added 1 external_states. See `.externals` for details.
Added 1 recordings. See `.recordings` for details.
2025-03-05 17:17:29,895 - __main__ - INFO - Minimal error: 24.4495
2025-03-05 17:17:29,895 - __main__ - INFO - ===========
2025-03-05 17:17:29,895 - __main__ - INFO - Error in spike_count: 0.0000
2025-03-05 17:17:29,895 - __main__ - INFO - Error in first_spike_time: 5.8000
2025-03-05 17:17:29,895 - __main__ - INFO - Error in second_spike_time: 1.4250
2025-03-05 17:17:29,895 - __main__ - INFO - Error in first_spike_amp: 4.6879
2025-03-05 17:17:29,895 - __main__ - INFO - Error in second_spike_amp: 5.3116
