Hello from task 0
2025-03-05 16:50:28,610 - __main__ - INFO - Start run with seed 0
2025-03-05 16:50:28,610 - __main__ - INFO - Observation: allen
2025-03-05 16:50:28,610 - __main__ - INFO - Loss function: dtw_reg_lowvar
2025-03-05 16:50:28,610 - __main__ - INFO - Number of particles: 1000
2025-03-05 16:50:28,610 - __main__ - INFO - SMC steps: 50
2025-03-05 16:50:28,610 - __main__ - INFO - MCMC steps: 1
2025-03-05 16:50:28,610 - __main__ - INFO - Initial proposal: 50000
2025-03-05 16:50:28,610 - __main__ - INFO - t_max: 199.5
2025-03-05 16:50:28,610 - __main__ - INFO - Setup: 488683425
2025-03-05 16:50:28,610 - __main__ - INFO - JAX version: 0.4.38
2025-03-05 16:50:28,610 - __main__ - INFO - Device: [CudaDevice(id=0)]
2025-03-05 16:50:28,611 - __main__ - INFO - Start run with seed 0
2025-03-05 16:50:28,611 - __main__ - INFO - Building cell and loading data...
2025-03-05 16:50:28,611 - __main__ - INFO - Observation: allen
2025-03-05 16:50:28,611 - __main__ - INFO - Setup: 488683425
/home/macke/mdeistler57/.conda/envs/jaxley/lib/python3.12/site-packages/jaxley/utils/swc.py:33: UserWarning: Found a soma which consists of a single traced point. `Jaxley` interprets this soma as a spherical compartment with radius specified in the SWC file, i.e. with surface area 4*pi*r*r.
  warn(
E0305 16:50:32.771968 3644041 hlo_lexer.cc:443] Failed to parse int literal: 242178467175170840754
dt_difference 5.0
Amplitude stimulus: 0.20999999344348907
Added 1 external_states. See `.externals` for details.
Added 1 recordings. See `.recordings` for details.
2025-03-05 16:50:46,114 - __main__ - INFO - Building prior and log likelihood function...
Number of parameters: 25
2025-03-05 16:50:46,929 - __main__ - INFO - Running GA...
Number of parameters: 25
2025-03-05 16:51:28,370 - __main__ - INFO - Minimal loss 134.27016601189194
2025-03-05 16:52:08,278 - __main__ - INFO - Minimal loss 151.58857734434662
2025-03-05 16:52:11,477 - __main__ - INFO - gen	nevals	avg    	std    	min   	max   
1  	1000  	351.606	203.673	134.27	1485.1
2  	1000  	349.817	201.167	134.27	1485.1
2025-03-05 16:52:49,386 - __main__ - INFO - Minimal loss 151.7949535507222
2025-03-05 16:52:52,297 - __main__ - INFO - 3  	1000  	240.426	88.0845	134.27	1211.41
2025-03-05 16:53:30,542 - __main__ - INFO - Minimal loss 190.35436703547646
2025-03-05 16:53:33,549 - __main__ - INFO - 4  	1000  	224.63 	71.9965	134.27	1201.37
2025-03-05 16:54:11,941 - __main__ - INFO - Minimal loss 144.99706996730708
2025-03-05 16:54:15,207 - __main__ - INFO - 5  	1000  	219.124	56.7779	134.27	1063.8 
2025-03-05 16:54:55,694 - __main__ - INFO - Minimal loss 143.55541885970865
2025-03-05 16:54:58,889 - __main__ - INFO - 6  	1000  	226.333	81.6914	134.27	1288.79
2025-03-05 16:55:39,115 - __main__ - INFO - Minimal loss 127.58907096289818
2025-03-05 16:55:42,529 - __main__ - INFO - 7  	1000  	228.404	77.8503	127.589	892.626
2025-03-05 16:56:20,905 - __main__ - INFO - Minimal loss 113.01488271648509
2025-03-05 16:56:24,166 - __main__ - INFO - 8  	1000  	233.051	87.0626	113.015	730.593
2025-03-05 16:57:00,448 - __main__ - INFO - Minimal loss 107.9502828753769
2025-03-05 16:57:04,032 - __main__ - INFO - 9  	1000  	231.793	97.604 	107.95 	1066.44
2025-03-05 16:57:39,288 - __main__ - INFO - Minimal loss 106.57499840866706
2025-03-05 16:57:42,403 - __main__ - INFO - 10 	1000  	222.937	100.85 	106.575	1362.35
2025-03-05 16:58:16,056 - __main__ - INFO - Minimal loss 101.52531539220604
2025-03-05 16:58:18,842 - __main__ - INFO - 11 	1000  	217.945	102.341	101.525	1288.05
2025-03-05 16:58:52,729 - __main__ - INFO - Minimal loss 102.76653133068635
2025-03-05 16:58:55,805 - __main__ - INFO - 12 	1000  	208.999	102.189	101.525	1376.15
2025-03-05 16:59:29,971 - __main__ - INFO - Minimal loss 96.13421990468453
2025-03-05 16:59:33,180 - __main__ - INFO - 13 	1000  	202.678	98.3808	96.1342	1175.53
2025-03-05 17:00:10,322 - __main__ - INFO - Minimal loss 94.86750409325907
2025-03-05 17:00:13,237 - __main__ - INFO - 14 	1000  	199.35 	101.521	94.8675	1204.4 
2025-03-05 17:00:51,726 - __main__ - INFO - Minimal loss 88.9283671181795
2025-03-05 17:00:54,774 - __main__ - INFO - 15 	1000  	193.977	102.856	88.9284	1327.38
2025-03-05 17:01:32,617 - __main__ - INFO - Minimal loss 96.34635389562504
2025-03-05 17:01:35,555 - __main__ - INFO - 16 	1000  	193.169	110.854	88.9284	1351.65
2025-03-05 17:02:12,117 - __main__ - INFO - Minimal loss 83.8791379847055
2025-03-05 17:02:15,309 - __main__ - INFO - 17 	1000  	188.753	120.278	83.8791	1372.68
2025-03-05 17:02:52,004 - __main__ - INFO - Minimal loss 86.99619552666519
2025-03-05 17:02:54,940 - __main__ - INFO - 18 	1000  	186.654	116.824	86.9962	1306.67
2025-03-05 17:03:32,329 - __main__ - INFO - Minimal loss 85.09319270952403
2025-03-05 17:03:35,195 - __main__ - INFO - 19 	1000  	187.751	115.315	85.0932	1233.9 
2025-03-05 17:04:13,094 - __main__ - INFO - Minimal loss 91.11423335523114
2025-03-05 17:04:15,924 - __main__ - INFO - 20 	1000  	186.611	118.16 	86.9962	1346.95
2025-03-05 17:04:52,101 - __main__ - INFO - Minimal loss 91.83774377269259
2025-03-05 17:04:55,285 - __main__ - INFO - 21 	1000  	186.234	119.739	86.9962	1162.02
2025-03-05 17:05:32,358 - __main__ - INFO - Minimal loss 88.93705483631436
2025-03-05 17:05:35,866 - __main__ - INFO - 22 	1000  	187.04 	127.256	86.9962	1375.78
2025-03-05 17:06:12,433 - __main__ - INFO - Minimal loss 79.52222584343701
2025-03-05 17:06:15,675 - __main__ - INFO - 23 	1000  	185.44 	115.958	79.5222	1211.66
2025-03-05 17:06:52,062 - __main__ - INFO - Minimal loss 77.03689738278058
2025-03-05 17:06:55,971 - __main__ - INFO - 24 	1000  	178.973	112.425	77.0369	1257.25
2025-03-05 17:07:32,688 - __main__ - INFO - Minimal loss 75.08504579038572
2025-03-05 17:07:35,713 - __main__ - INFO - 25 	1000  	173.317	106.526	75.085 	1181.75
2025-03-05 17:08:10,729 - __main__ - INFO - Minimal loss 81.91222336908595
2025-03-05 17:08:13,487 - __main__ - INFO - 26 	1000  	162.342	97.0753	75.085 	1208.11
2025-03-05 17:08:48,705 - __main__ - INFO - Minimal loss 73.50828406723622
2025-03-05 17:08:51,552 - __main__ - INFO - 27 	1000  	157.431	90.9089	73.5083	625.055
2025-03-05 17:09:26,044 - __main__ - INFO - Minimal loss 70.44053934770545
2025-03-05 17:09:29,063 - __main__ - INFO - 28 	1000  	157.017	91.5668	70.4405	910.173
2025-03-05 17:10:06,269 - __main__ - INFO - Minimal loss 74.46742157194677
2025-03-05 17:10:09,529 - __main__ - INFO - 29 	1000  	153.841	91.5818	70.4405	1215.73
2025-03-05 17:10:46,006 - __main__ - INFO - Minimal loss 69.6336087819347
2025-03-05 17:10:49,216 - __main__ - INFO - 30 	1000  	151.029	87.581 	69.6336	518.345
2025-03-05 17:11:26,144 - __main__ - INFO - Minimal loss 71.85499230371789
2025-03-05 17:11:30,111 - __main__ - INFO - 31 	1000  	149.364	90.9543	69.6336	1301.67
2025-03-05 17:12:05,972 - __main__ - INFO - Minimal loss 73.08296354751747
2025-03-05 17:12:09,260 - __main__ - INFO - 32 	1000  	144.509	86.5377	69.6336	517.981
2025-03-05 17:12:44,133 - __main__ - INFO - Minimal loss 70.03640906734972
2025-03-05 17:12:47,195 - __main__ - INFO - 33 	1000  	137.887	81.2075	69.6336	415.955
2025-03-05 17:13:21,992 - __main__ - INFO - Minimal loss 71.16253688411575
2025-03-05 17:13:25,133 - __main__ - INFO - 34 	1000  	136.825	79.9889	69.6336	405.451
2025-03-05 17:13:59,676 - __main__ - INFO - Minimal loss 68.47827362013618
2025-03-05 17:14:03,070 - __main__ - INFO - 35 	1000  	135.057	79.85  	68.4783	461.35 
2025-03-05 17:14:38,625 - __main__ - INFO - Minimal loss 68.31300632746377
2025-03-05 17:14:42,034 - __main__ - INFO - 36 	1000  	133.717	79.8187	68.313 	425.186
2025-03-05 17:15:17,032 - __main__ - INFO - Minimal loss 61.63043060080071
2025-03-05 17:15:21,372 - __main__ - INFO - 37 	1000  	133.415	81.0778	61.6304	495.526
2025-03-05 17:15:55,049 - __main__ - INFO - Minimal loss 66.81855745090019
2025-03-05 17:15:58,230 - __main__ - INFO - 38 	1000  	131.907	80.0408	61.6304	413.645
2025-03-05 17:16:30,427 - __main__ - INFO - Minimal loss 62.18444730012777
2025-03-05 17:16:34,977 - __main__ - INFO - 39 	1000  	127.655	77.7137	61.6304	406.048
2025-03-05 17:17:06,947 - __main__ - INFO - Minimal loss 63.89752317436688
2025-03-05 17:17:09,804 - __main__ - INFO - 40 	1000  	127.44 	77.6204	61.6304	396.545
2025-03-05 17:17:43,255 - __main__ - INFO - Minimal loss 60.442141459392644
2025-03-05 17:17:46,096 - __main__ - INFO - 41 	1000  	127.666	78.9538	60.4421	428.023
2025-03-05 17:18:20,799 - __main__ - INFO - Minimal loss 61.04326645734773
2025-03-05 17:18:24,015 - __main__ - INFO - 42 	1000  	128.306	81.7257	60.4421	541.334
2025-03-05 17:18:59,515 - __main__ - INFO - Minimal loss 60.90968928774487
2025-03-05 17:19:02,647 - __main__ - INFO - 43 	1000  	124.129	76.6118	60.4421	436.337
2025-03-05 17:19:38,729 - __main__ - INFO - Minimal loss 63.780672267061504
2025-03-05 17:19:42,135 - __main__ - INFO - 44 	1000  	123.486	79.3453	60.4421	410.734
2025-03-05 17:20:17,906 - __main__ - INFO - Minimal loss 63.89960110153197
2025-03-05 17:20:21,936 - __main__ - INFO - 45 	1000  	125.963	80.4906	60.4421	475.251
2025-03-05 17:20:56,817 - __main__ - INFO - Minimal loss 62.9189324004426
2025-03-05 17:21:00,663 - __main__ - INFO - 46 	1000  	123.166	79.9883	60.4421	453.695
2025-03-05 17:21:32,694 - __main__ - INFO - Minimal loss 60.035566554148545
2025-03-05 17:21:36,834 - __main__ - INFO - 47 	1000  	120.12 	78.9835	60.0356	411.74 
2025-03-05 17:22:09,553 - __main__ - INFO - Minimal loss 58.1347996464325
2025-03-05 17:22:13,872 - __main__ - INFO - 48 	1000  	120.674	80.2199	58.1348	500.333
2025-03-05 17:22:46,410 - __main__ - INFO - Minimal loss 60.03434146905306
2025-03-05 17:22:50,164 - __main__ - INFO - 49 	1000  	116.481	75.7779	58.1348	412.146
2025-03-05 17:23:23,934 - __main__ - INFO - Minimal loss 61.54126593665069
2025-03-05 17:23:27,866 - __main__ - INFO - 50 	1000  	118.776	77.8973	58.1348	529.507
2025-03-05 17:23:27,866 - __main__ - INFO - Run stopped because of stopping criteria: Max ngen
/home/macke/mdeistler57/.conda/envs/jaxley/lib/python3.12/site-packages/jaxley/utils/swc.py:33: UserWarning: Found a soma which consists of a single traced point. `Jaxley` interprets this soma as a spherical compartment with radius specified in the SWC file, i.e. with surface area 4*pi*r*r.
  warn(
dt_difference 5.0
Amplitude stimulus: 0.20999999344348907
Added 1 external_states. See `.externals` for details.
Added 1 recordings. See `.recordings` for details.
2025-03-05 17:25:20,100 - __main__ - INFO - Minimal error: 22.2919
2025-03-05 17:25:20,101 - __main__ - INFO - ===========
2025-03-05 17:25:20,101 - __main__ - INFO - Error in spike_count: 0.0000
2025-03-05 17:25:20,101 - __main__ - INFO - Error in first_spike_time: 0.0000
2025-03-05 17:25:20,101 - __main__ - INFO - Error in second_spike_time: 9.5000
2025-03-05 17:25:20,101 - __main__ - INFO - Error in first_spike_amp: 0.0711
2025-03-05 17:25:20,101 - __main__ - INFO - Error in second_spike_amp: 3.2208
