Hello from task 0
2025-03-05 16:51:58,551 - __main__ - INFO - Start run with seed 0
2025-03-05 16:51:58,551 - __main__ - INFO - Observation: allen
2025-03-05 16:51:58,551 - __main__ - INFO - Loss function: dtw_reg_lowvar
2025-03-05 16:51:58,551 - __main__ - INFO - Number of particles: 1000
2025-03-05 16:51:58,551 - __main__ - INFO - SMC steps: 50
2025-03-05 16:51:58,551 - __main__ - INFO - MCMC steps: 1
2025-03-05 16:51:58,551 - __main__ - INFO - Initial proposal: 50000
2025-03-05 16:51:58,551 - __main__ - INFO - t_max: 199.5
2025-03-05 16:51:58,551 - __main__ - INFO - Setup: 480353286
2025-03-05 16:51:58,551 - __main__ - INFO - JAX version: 0.4.38
2025-03-05 16:51:58,551 - __main__ - INFO - Device: [CudaDevice(id=0)]
2025-03-05 16:51:58,551 - __main__ - INFO - Start run with seed 0
2025-03-05 16:51:58,551 - __main__ - INFO - Building cell and loading data...
2025-03-05 16:51:58,551 - __main__ - INFO - Observation: allen
2025-03-05 16:51:58,551 - __main__ - INFO - Setup: 480353286
/home/macke/mdeistler57/.conda/envs/jaxley/lib/python3.12/site-packages/jaxley/utils/swc.py:33: UserWarning: Found a soma which consists of a single traced point. `Jaxley` interprets this soma as a spherical compartment with radius specified in the SWC file, i.e. with surface area 4*pi*r*r.
  warn(
dt_difference 5.0
Amplitude stimulus: 0.26999998092651367
Added 1 external_states. See `.externals` for details.
Added 1 recordings. See `.recordings` for details.
2025-03-05 16:52:10,858 - __main__ - INFO - Building prior and log likelihood function...
Number of parameters: 25
2025-03-05 16:52:11,588 - __main__ - INFO - Running GA...
Number of parameters: 25
2025-03-05 16:52:44,044 - __main__ - INFO - Minimal loss 126.71536929551777
2025-03-05 16:53:21,242 - __main__ - INFO - Minimal loss 135.62804777032156
2025-03-05 16:53:25,554 - __main__ - INFO - gen	nevals	avg    	std    	min    	max    
1  	1000  	454.193	244.741	126.715	1375.63
2  	1000  	452.955	244.358	126.715	1375.63
2025-03-05 16:53:59,447 - __main__ - INFO - Minimal loss 140.2152910635219
2025-03-05 16:54:02,640 - __main__ - INFO - 3  	1000  	282.82 	119.885	126.715	1362.76
2025-03-05 16:54:36,430 - __main__ - INFO - Minimal loss 125.1573636218312
2025-03-05 16:54:39,703 - __main__ - INFO - 4  	1000  	260.514	116.107	125.157	1326.03
2025-03-05 16:55:15,291 - __main__ - INFO - Minimal loss 107.34136154413349
2025-03-05 16:55:18,950 - __main__ - INFO - 5  	1000  	254.641	118.212	107.341	1283.56
2025-03-05 16:55:53,280 - __main__ - INFO - Minimal loss 108.73666720039964
2025-03-05 16:55:56,464 - __main__ - INFO - 6  	1000  	245.326	110.479	107.341	1087.5 
2025-03-05 16:56:30,342 - __main__ - INFO - Minimal loss 130.5653024114703
2025-03-05 16:56:34,198 - __main__ - INFO - 7  	1000  	234.44 	107.774	107.341	1129.2 
2025-03-05 16:57:07,517 - __main__ - INFO - Minimal loss 102.67392730276512
2025-03-05 16:57:10,760 - __main__ - INFO - 8  	1000  	225.199	111.689	102.674	1300.72
2025-03-05 16:57:43,987 - __main__ - INFO - Minimal loss 89.13312257777463
2025-03-05 16:57:46,994 - __main__ - INFO - 9  	1000  	218.61 	114.543	89.1331	1205.01
2025-03-05 16:58:19,647 - __main__ - INFO - Minimal loss 88.64501935473001
2025-03-05 16:58:23,817 - __main__ - INFO - 10 	1000  	210.567	112.743	88.645 	1096.51
2025-03-05 16:58:57,218 - __main__ - INFO - Minimal loss 77.18845943540131
2025-03-05 16:59:00,580 - __main__ - INFO - 11 	1000  	205.446	109.907	77.1885	928.24 
2025-03-05 16:59:33,570 - __main__ - INFO - Minimal loss 81.85916474288874
2025-03-05 16:59:37,283 - __main__ - INFO - 12 	1000  	198.329	113.364	77.1885	1180.66
2025-03-05 17:00:10,556 - __main__ - INFO - Minimal loss 63.41529426481813
2025-03-05 17:00:14,713 - __main__ - INFO - 13 	1000  	200.653	122.339	63.4153	878.944
2025-03-05 17:00:47,840 - __main__ - INFO - Minimal loss 62.68789947871099
2025-03-05 17:00:51,375 - __main__ - INFO - 14 	1000  	198.226	125.812	62.6879	964.938
2025-03-05 17:01:25,528 - __main__ - INFO - Minimal loss 55.39396085777227
2025-03-05 17:01:29,363 - __main__ - INFO - 15 	1000  	191.962	124.571	55.394 	917.876
2025-03-05 17:02:03,193 - __main__ - INFO - Minimal loss 66.11850290914376
2025-03-05 17:02:06,997 - __main__ - INFO - 16 	1000  	189.042	122.514	55.394 	885.809
2025-03-05 17:02:40,019 - __main__ - INFO - Minimal loss 68.47734361372218
2025-03-05 17:02:43,211 - __main__ - INFO - 17 	1000  	182.552	126.754	55.394 	918.223
2025-03-05 17:03:16,557 - __main__ - INFO - Minimal loss 59.30142475302816
2025-03-05 17:03:19,765 - __main__ - INFO - 18 	1000  	185.949	135.115	55.394 	940.022
2025-03-05 17:03:53,357 - __main__ - INFO - Minimal loss 60.47309058649162
2025-03-05 17:03:56,792 - __main__ - INFO - 19 	1000  	179.952	131.858	55.394 	905.016
2025-03-05 17:04:29,570 - __main__ - INFO - Minimal loss 61.76620384876273
2025-03-05 17:04:34,102 - __main__ - INFO - 20 	1000  	177.939	133.583	55.394 	935.988
2025-03-05 17:05:07,416 - __main__ - INFO - Minimal loss 52.713569261677975
2025-03-05 17:05:11,108 - __main__ - INFO - 21 	1000  	172.498	129.339	52.7136	889.086
2025-03-05 17:05:43,874 - __main__ - INFO - Minimal loss 55.16062726679124
2025-03-05 17:05:47,585 - __main__ - INFO - 22 	1000  	169.632	130.687	55.1606	837.003
2025-03-05 17:06:19,433 - __main__ - INFO - Minimal loss 49.27390821435566
2025-03-05 17:06:23,183 - __main__ - INFO - 23 	1000  	165.855	131.878	49.2739	840.615
2025-03-05 17:06:54,894 - __main__ - INFO - Minimal loss 45.9373734700408
2025-03-05 17:06:59,220 - __main__ - INFO - 24 	1000  	159.82 	130.396	45.9374	878.232
2025-03-05 17:07:29,463 - __main__ - INFO - Minimal loss 51.08004766334986
2025-03-05 17:07:32,514 - __main__ - INFO - 25 	1000  	153.733	127.611	45.9374	789.218
2025-03-05 17:07:59,747 - __main__ - INFO - Minimal loss 46.13596904980639
2025-03-05 17:08:02,945 - __main__ - INFO - 26 	1000  	150.727	125.31 	45.9374	887.717
2025-03-05 17:08:31,283 - __main__ - INFO - Minimal loss 49.24527651823709
2025-03-05 17:08:34,668 - __main__ - INFO - 27 	1000  	147.605	125.482	45.9374	883.013
2025-03-05 17:09:03,793 - __main__ - INFO - Minimal loss 53.49509944683106
2025-03-05 17:09:07,100 - __main__ - INFO - 28 	1000  	151.875	127.981	45.9374	815.875
2025-03-05 17:09:38,999 - __main__ - INFO - Minimal loss 51.34110238241746
2025-03-05 17:09:42,592 - __main__ - INFO - 29 	1000  	149.538	127.455	45.9374	860.412
2025-03-05 17:10:14,710 - __main__ - INFO - Minimal loss 47.50290329729566
2025-03-05 17:10:18,532 - __main__ - INFO - 30 	1000  	152.403	128.545	45.9374	765.013
2025-03-05 17:10:49,224 - __main__ - INFO - Minimal loss 41.2140814735578
2025-03-05 17:10:53,450 - __main__ - INFO - 31 	1000  	152.827	131.457	41.2141	818.9  
2025-03-05 17:11:22,933 - __main__ - INFO - Minimal loss 47.60231814320278
2025-03-05 17:11:27,325 - __main__ - INFO - 32 	1000  	151.747	139.845	41.2141	832.611
2025-03-05 17:11:56,080 - __main__ - INFO - Minimal loss 44.19027723111142
2025-03-05 17:12:01,072 - __main__ - INFO - 33 	1000  	145.318	130.17 	41.2141	791.867
2025-03-05 17:12:29,003 - __main__ - INFO - Minimal loss 49.258747233968876
2025-03-05 17:12:33,678 - __main__ - INFO - 34 	1000  	142.723	126.137	41.2141	829.759
2025-03-05 17:12:59,780 - __main__ - INFO - Minimal loss 46.504477842123464
2025-03-05 17:13:04,721 - __main__ - INFO - 35 	1000  	144.318	131.067	41.2141	902.863
2025-03-05 17:13:30,133 - __main__ - INFO - Minimal loss 52.05464822326448
2025-03-05 17:13:35,285 - __main__ - INFO - 36 	1000  	141.708	125.089	41.2141	890.491
2025-03-05 17:14:02,767 - __main__ - INFO - Minimal loss 50.453862464956245
2025-03-05 17:14:07,584 - __main__ - INFO - 37 	1000  	144.566	127.585	41.2141	837.361
2025-03-05 17:14:36,215 - __main__ - INFO - Minimal loss 44.255687917418385
2025-03-05 17:14:40,734 - __main__ - INFO - 38 	1000  	139.209	119.341	41.2141	754.975
2025-03-05 17:15:09,374 - __main__ - INFO - Minimal loss 45.79894560780801
2025-03-05 17:15:15,932 - __main__ - INFO - 39 	1000  	145.182	129.708	41.2141	949.199
2025-03-05 17:15:44,825 - __main__ - INFO - Minimal loss 43.416469530035755
2025-03-05 17:15:49,528 - __main__ - INFO - 40 	1000  	140.567	123.86 	41.2141	799.592
2025-03-05 17:16:17,893 - __main__ - INFO - Minimal loss 42.005847315304976
2025-03-05 17:16:22,420 - __main__ - INFO - 41 	1000  	138.677	120.975	41.2141	765.473
2025-03-05 17:16:47,613 - __main__ - INFO - Minimal loss 44.878405618051005
2025-03-05 17:16:52,301 - __main__ - INFO - 42 	1000  	138.092	125.233	41.2141	894.872
2025-03-05 17:17:17,519 - __main__ - INFO - Minimal loss 44.105854829639526
2025-03-05 17:17:22,519 - __main__ - INFO - 43 	1000  	136.702	122.8  	41.2141	838.233
2025-03-05 17:17:47,156 - __main__ - INFO - Minimal loss 42.55071263827787
2025-03-05 17:17:52,541 - __main__ - INFO - 44 	1000  	136.104	121.607	41.2141	793.191
2025-03-05 17:18:17,316 - __main__ - INFO - Minimal loss 44.933401078518074
2025-03-05 17:18:24,449 - __main__ - INFO - 45 	1000  	135.003	119.277	41.2141	742.107
2025-03-05 17:18:48,320 - __main__ - INFO - Minimal loss 45.315859524033186
2025-03-05 17:18:52,779 - __main__ - INFO - 46 	1000  	139.617	125.771	41.2141	836.755
2025-03-05 17:19:16,614 - __main__ - INFO - Minimal loss 44.01669276472987
2025-03-05 17:19:21,337 - __main__ - INFO - 47 	1000  	136.187	120.011	41.2141	658.392
2025-03-05 17:19:44,942 - __main__ - INFO - Minimal loss 41.55630526120987
2025-03-05 17:19:49,326 - __main__ - INFO - 48 	1000  	133.446	120.848	41.2141	882.173
2025-03-05 17:20:13,384 - __main__ - INFO - Minimal loss 44.110352602315714
2025-03-05 17:20:18,385 - __main__ - INFO - 49 	1000  	138.12 	125.002	41.2141	768.659
2025-03-05 17:20:42,310 - __main__ - INFO - Minimal loss 49.071505197944845
2025-03-05 17:20:46,692 - __main__ - INFO - 50 	1000  	135.484	120.297	41.2141	732.918
2025-03-05 17:20:46,692 - __main__ - INFO - Run stopped because of stopping criteria: Max ngen
/home/macke/mdeistler57/.conda/envs/jaxley/lib/python3.12/site-packages/jaxley/utils/swc.py:33: UserWarning: Found a soma which consists of a single traced point. `Jaxley` interprets this soma as a spherical compartment with radius specified in the SWC file, i.e. with surface area 4*pi*r*r.
  warn(
dt_difference 5.0
Amplitude stimulus: 0.26999998092651367
Added 1 external_states. See `.externals` for details.
Added 1 recordings. See `.recordings` for details.
2025-03-05 17:22:12,541 - __main__ - INFO - Minimal error: 25.8719
2025-03-05 17:22:12,542 - __main__ - INFO - ===========
2025-03-05 17:22:12,542 - __main__ - INFO - Error in spike_count: 0.0000
2025-03-05 17:22:12,542 - __main__ - INFO - Error in first_spike_time: 3.0750
2025-03-05 17:22:12,542 - __main__ - INFO - Error in second_spike_time: 7.2250
2025-03-05 17:22:12,542 - __main__ - INFO - Error in first_spike_amp: 2.0406
2025-03-05 17:22:12,542 - __main__ - INFO - Error in second_spike_amp: 3.2313
