Hello from task 0
2025-03-05 16:50:15,855 - __main__ - INFO - Start run with seed 0
2025-03-05 16:50:15,855 - __main__ - INFO - Observation: allen
2025-03-05 16:50:15,855 - __main__ - INFO - Loss function: dtw_reg_lowvar
2025-03-05 16:50:15,855 - __main__ - INFO - Number of particles: 1000
2025-03-05 16:50:15,855 - __main__ - INFO - SMC steps: 50
2025-03-05 16:50:15,855 - __main__ - INFO - MCMC steps: 1
2025-03-05 16:50:15,855 - __main__ - INFO - Initial proposal: 50000
2025-03-05 16:50:15,855 - __main__ - INFO - t_max: 199.5
2025-03-05 16:50:15,855 - __main__ - INFO - Setup: 485574832
2025-03-05 16:50:15,856 - __main__ - INFO - JAX version: 0.4.38
2025-03-05 16:50:15,856 - __main__ - INFO - Device: [CudaDevice(id=0)]
2025-03-05 16:50:15,856 - __main__ - INFO - Start run with seed 0
2025-03-05 16:50:15,856 - __main__ - INFO - Building cell and loading data...
2025-03-05 16:50:15,856 - __main__ - INFO - Observation: allen
2025-03-05 16:50:15,856 - __main__ - INFO - Setup: 485574832
/home/macke/mdeistler57/.conda/envs/jaxley/lib/python3.12/site-packages/jaxley/utils/swc.py:33: UserWarning: Found a soma which consists of a single traced point. `Jaxley` interprets this soma as a spherical compartment with radius specified in the SWC file, i.e. with surface area 4*pi*r*r.
  warn(
dt_difference 5.0
Amplitude stimulus: 0.33000001311302185
Added 1 external_states. See `.externals` for details.
Added 1 recordings. See `.recordings` for details.
2025-03-05 16:50:32,415 - __main__ - INFO - Building prior and log likelihood function...
Number of parameters: 25
2025-03-05 16:50:33,276 - __main__ - INFO - Running GA...
Number of parameters: 25
2025-03-05 16:51:21,461 - __main__ - INFO - Minimal loss 181.3101809861361
2025-03-05 16:52:07,986 - __main__ - INFO - Minimal loss 167.8881114544133
2025-03-05 16:52:11,624 - __main__ - INFO - gen	nevals	avg    	std    	min    	max    
1  	1000  	528.578	225.476	181.31 	1316.88
2  	1000  	527.109	222.708	167.888	1316.88
2025-03-05 16:52:58,706 - __main__ - INFO - Minimal loss 164.5758834856251
2025-03-05 16:53:01,911 - __main__ - INFO - 3  	1000  	365.626	117.885	164.576	1175.56
2025-03-05 16:53:46,178 - __main__ - INFO - Minimal loss 160.98796466055134
2025-03-05 16:53:49,149 - __main__ - INFO - 4  	1000  	323.084	103.795	160.988	1122.11
2025-03-05 16:54:27,015 - __main__ - INFO - Minimal loss 160.00091753276948
2025-03-05 16:54:30,733 - __main__ - INFO - 5  	1000  	301.737	111.195	160.001	1135.5 
2025-03-05 16:55:08,188 - __main__ - INFO - Minimal loss 150.47981885974067
2025-03-05 16:55:11,442 - __main__ - INFO - 6  	1000  	284.145	111.367	150.48 	1239.2 
2025-03-05 16:55:52,636 - __main__ - INFO - Minimal loss 157.03832306926174
2025-03-05 16:55:55,934 - __main__ - INFO - 7  	1000  	277.733	120.098	150.48 	1111.49
2025-03-05 16:56:32,912 - __main__ - INFO - Minimal loss 152.53419959166692
2025-03-05 16:56:37,161 - __main__ - INFO - 8  	1000  	267.062	124.998	150.48 	1145.79
2025-03-05 16:57:15,701 - __main__ - INFO - Minimal loss 134.39472256358343
2025-03-05 16:57:18,906 - __main__ - INFO - 9  	1000  	254.454	117.215	134.395	1021.45
2025-03-05 16:57:56,978 - __main__ - INFO - Minimal loss 147.5438823997301
2025-03-05 16:58:00,208 - __main__ - INFO - 10 	1000  	245.955	111.178	134.395	1063.96
2025-03-05 16:58:37,928 - __main__ - INFO - Minimal loss 126.69546911749094
2025-03-05 16:58:40,923 - __main__ - INFO - 11 	1000  	240.44 	108.408	126.695	1097.8 
2025-03-05 16:59:20,041 - __main__ - INFO - Minimal loss 134.89853399469652
2025-03-05 16:59:23,273 - __main__ - INFO - 12 	1000  	240.244	109.86 	126.695	1059.76
2025-03-05 17:00:03,476 - __main__ - INFO - Minimal loss 135.40530940492246
2025-03-05 17:00:06,831 - __main__ - INFO - 13 	1000  	235.828	106.436	126.695	955.595
2025-03-05 17:00:43,329 - __main__ - INFO - Minimal loss 120.63556046712606
2025-03-05 17:00:46,382 - __main__ - INFO - 14 	1000  	231.672	98.6283	120.636	890.687
2025-03-05 17:01:24,539 - __main__ - INFO - Minimal loss 122.02116575532202
2025-03-05 17:01:29,175 - __main__ - INFO - 15 	1000  	227.184	102.257	120.636	901.086
2025-03-05 17:02:06,009 - __main__ - INFO - Minimal loss 99.54990555136405
2025-03-05 17:02:10,097 - __main__ - INFO - 16 	1000  	221.028	93.625 	99.5499	878.031
2025-03-05 17:02:48,665 - __main__ - INFO - Minimal loss 112.98622723491732
2025-03-05 17:02:51,634 - __main__ - INFO - 17 	1000  	222.033	102.003	99.5499	1006.8 
2025-03-05 17:03:26,837 - __main__ - INFO - Minimal loss 106.34613312808469
2025-03-05 17:03:30,066 - __main__ - INFO - 18 	1000  	226.221	113.038	99.5499	952.466
2025-03-05 17:04:12,401 - __main__ - INFO - Minimal loss 98.29738156180653
2025-03-05 17:04:16,813 - __main__ - INFO - 19 	1000  	224.238	111.935	98.2974	886.58 
2025-03-05 17:04:51,289 - __main__ - INFO - Minimal loss 90.35498338244238
2025-03-05 17:04:54,201 - __main__ - INFO - 20 	1000  	219.251	109.134	90.355 	872.113
2025-03-05 17:05:29,366 - __main__ - INFO - Minimal loss 96.9118939223118
2025-03-05 17:05:32,297 - __main__ - INFO - 21 	1000  	218.298	110.979	90.355 	942.265
2025-03-05 17:06:07,860 - __main__ - INFO - Minimal loss 91.46093483818262
2025-03-05 17:06:10,833 - __main__ - INFO - 22 	1000  	213.758	113.318	90.355 	890.634
2025-03-05 17:06:46,520 - __main__ - INFO - Minimal loss 91.22249126826759
2025-03-05 17:06:50,177 - __main__ - INFO - 23 	1000  	211.84 	110.805	90.355 	871.063
2025-03-05 17:07:30,959 - __main__ - INFO - Minimal loss 85.3897443871115
2025-03-05 17:07:34,360 - __main__ - INFO - 24 	1000  	210.818	115.862	85.3897	832.804
2025-03-05 17:08:10,935 - __main__ - INFO - Minimal loss 91.36107063463541
2025-03-05 17:08:14,636 - __main__ - INFO - 25 	1000  	204.49 	113.156	85.3897	892.53 
2025-03-05 17:08:50,881 - __main__ - INFO - Minimal loss 90.6799382062836
2025-03-05 17:08:53,905 - __main__ - INFO - 26 	1000  	197.057	108.846	85.3897	811.66 
2025-03-05 17:09:28,675 - __main__ - INFO - Minimal loss 90.04519031283323
2025-03-05 17:09:31,768 - __main__ - INFO - 27 	1000  	190.432	105.675	85.3897	910.135
2025-03-05 17:10:08,306 - __main__ - INFO - Minimal loss 80.98021889694095
2025-03-05 17:10:13,631 - __main__ - INFO - 28 	1000  	186.954	101.349	80.9802	589.984
2025-03-05 17:10:56,535 - __main__ - INFO - Minimal loss 86.34802015469106
2025-03-05 17:11:00,477 - __main__ - INFO - 29 	1000  	187.039	104.91 	81.0072	843.685
2025-03-05 17:11:36,696 - __main__ - INFO - Minimal loss 86.57672378098127
2025-03-05 17:11:40,386 - __main__ - INFO - 30 	1000  	188.066	108.862	81.0072	931.819
2025-03-05 17:12:15,863 - __main__ - INFO - Minimal loss 84.08552221875638
2025-03-05 17:12:19,825 - __main__ - INFO - 31 	1000  	182.432	105.618	81.0072	892.95 
2025-03-05 17:12:54,807 - __main__ - INFO - Minimal loss 85.91182239549525
2025-03-05 17:12:58,656 - __main__ - INFO - 32 	1000  	182.633	109.767	81.0072	909.66 
2025-03-05 17:13:33,081 - __main__ - INFO - Minimal loss 82.57809003446155
2025-03-05 17:13:37,040 - __main__ - INFO - 33 	1000  	182.121	108.974	81.0072	957.098
2025-03-05 17:14:11,447 - __main__ - INFO - Minimal loss 78.1396267595305
2025-03-05 17:14:16,752 - __main__ - INFO - 34 	1000  	178.078	104.659	78.1396	527.607
2025-03-05 17:14:54,424 - __main__ - INFO - Minimal loss 86.03661289265673
2025-03-05 17:15:00,047 - __main__ - INFO - 35 	1000  	179.426	107.324	78.1396	578.092
2025-03-05 17:15:36,458 - __main__ - INFO - Minimal loss 91.04364172721702
2025-03-05 17:15:41,739 - __main__ - INFO - 36 	1000  	177.21 	106.175	78.1396	549.517
2025-03-05 17:16:19,161 - __main__ - INFO - Minimal loss 87.73049686483759
2025-03-05 17:16:24,395 - __main__ - INFO - 37 	1000  	175.318	104.329	78.1396	800.462
2025-03-05 17:16:59,293 - __main__ - INFO - Minimal loss 83.892592571991
2025-03-05 17:17:04,351 - __main__ - INFO - 38 	1000  	178.138	107.45 	78.1396	653.947
2025-03-05 17:17:34,803 - __main__ - INFO - Minimal loss 84.90438166836199
2025-03-05 17:17:41,803 - __main__ - INFO - 39 	1000  	174.947	104.278	78.1396	607.581
2025-03-05 17:18:11,774 - __main__ - INFO - Minimal loss 72.86896503093246
2025-03-05 17:18:16,105 - __main__ - INFO - 40 	1000  	176.439	108.276	72.869 	671.239
2025-03-05 17:18:46,060 - __main__ - INFO - Minimal loss 88.64303607058773
2025-03-05 17:18:50,419 - __main__ - INFO - 41 	1000  	177.001	107.587	72.869 	746.015
2025-03-05 17:19:21,562 - __main__ - INFO - Minimal loss 84.62665399889644
2025-03-05 17:19:26,010 - __main__ - INFO - 42 	1000  	179.132	110.894	72.869 	840.475
2025-03-05 17:19:57,938 - __main__ - INFO - Minimal loss 86.6071092282867
2025-03-05 17:20:02,358 - __main__ - INFO - 43 	1000  	178.353	108.864	72.869 	549.234
2025-03-05 17:20:35,878 - __main__ - INFO - Minimal loss 82.12140505453291
2025-03-05 17:20:40,450 - __main__ - INFO - 44 	1000  	177.751	110.962	72.869 	710.914
2025-03-05 17:21:11,351 - __main__ - INFO - Minimal loss 82.6267282129497
2025-03-05 17:21:15,606 - __main__ - INFO - 45 	1000  	174.382	106.306	72.869 	671.187
2025-03-05 17:21:49,639 - __main__ - INFO - Minimal loss 79.98589140706585
2025-03-05 17:21:53,830 - __main__ - INFO - 46 	1000  	174.698	109.747	72.869 	598.186
2025-03-05 17:22:24,625 - __main__ - INFO - Minimal loss 85.84646559650693
2025-03-05 17:22:28,827 - __main__ - INFO - 47 	1000  	174.777	110.084	72.869 	581.227
2025-03-05 17:23:01,816 - __main__ - INFO - Minimal loss 83.534314095388
2025-03-05 17:23:06,789 - __main__ - INFO - 48 	1000  	174.976	113.349	72.869 	858.863
2025-03-05 17:23:42,750 - __main__ - INFO - Minimal loss 80.11049474664375
2025-03-05 17:23:47,260 - __main__ - INFO - 49 	1000  	170.837	111.445	72.869 	927.719
2025-03-05 17:24:22,069 - __main__ - INFO - Minimal loss 80.24383824420127
2025-03-05 17:24:26,455 - __main__ - INFO - 50 	1000  	172.222	114.244	72.869 	912.851
2025-03-05 17:24:26,455 - __main__ - INFO - Run stopped because of stopping criteria: Max ngen
/home/macke/mdeistler57/.conda/envs/jaxley/lib/python3.12/site-packages/jaxley/utils/swc.py:33: UserWarning: Found a soma which consists of a single traced point. `Jaxley` interprets this soma as a spherical compartment with radius specified in the SWC file, i.e. with surface area 4*pi*r*r.
  warn(
dt_difference 5.0
Amplitude stimulus: 0.33000001311302185
Added 1 external_states. See `.externals` for details.
Added 1 recordings. See `.recordings` for details.
2025-03-05 17:26:28,503 - __main__ - INFO - Minimal error: 19.7016
2025-03-05 17:26:28,503 - __main__ - INFO - ===========
2025-03-05 17:26:28,503 - __main__ - INFO - Error in spike_count: 0.0000
2025-03-05 17:26:28,503 - __main__ - INFO - Error in first_spike_time: 6.2250
2025-03-05 17:26:28,503 - __main__ - INFO - Error in second_spike_time: 0.1500
2025-03-05 17:26:28,503 - __main__ - INFO - Error in first_spike_amp: 6.2207
2025-03-05 17:26:28,503 - __main__ - INFO - Error in second_spike_amp: 0.7309
