Hello from task 0
2025-03-05 12:10:11,764 - __main__ - INFO - Start run with seed 0
2025-03-05 12:10:11,764 - __main__ - INFO - Observation: allen
2025-03-05 12:10:11,764 - __main__ - INFO - Number of particles: 1000
2025-03-05 12:10:11,764 - __main__ - INFO - Steps: 50
2025-03-05 12:10:11,765 - __main__ - INFO - Learning rate: 0.0005
2025-03-05 12:10:11,765 - __main__ - INFO - Momentum: 0.0
2025-03-05 12:10:11,765 - __main__ - INFO - Cost fn power: 1.0
2025-03-05 12:10:11,765 - __main__ - INFO - t_max: 199.5
2025-03-05 12:10:11,765 - __main__ - INFO - Setup: 488683425
2025-03-05 12:10:11,765 - __main__ - INFO - JAX version: 0.4.38
2025-03-05 12:10:11,765 - __main__ - INFO - Device: [CudaDevice(id=0)]
2025-03-05 12:10:11,766 - __main__ - INFO - Start run with seed 0
2025-03-05 12:10:11,766 - __main__ - INFO - Building cell and loading data...
2025-03-05 12:10:11,766 - __main__ - INFO - Observation: allen
2025-03-05 12:10:11,766 - __main__ - INFO - Setup: 488683425
/home/macke/mdeistler57/.conda/envs/jaxley/lib/python3.12/site-packages/jaxley/utils/swc.py:33: UserWarning: Found a soma which consists of a single traced point. `Jaxley` interprets this soma as a spherical compartment with radius specified in the SWC file, i.e. with surface area 4*pi*r*r.
  warn(
E0305 12:10:16.009715 3250839 hlo_lexer.cc:443] Failed to parse int literal: 242178467175170840754
dt_difference 5.0
Amplitude stimulus: 0.20999999344348907
Added 1 external_states. See `.externals` for details.
Added 1 recordings. See `.recordings` for details.
2025-03-05 12:10:29,351 - __main__ - INFO - Building prior and log likelihood function...
Number of parameters: 25
2025-03-05 12:10:30,180 - __main__ - INFO - Running Gradient Descent...
2025-03-05 12:10:31,520 - __main__ - INFO - opt_params.shape (1000, 25)
2025-03-05 12:14:23.094201: E external/xla/xla/service/slow_operation_alarm.cc:73] 
********************************
[Compiling module jit_scaled_loss] Very slow compile? If you want to file a bug, run with envvar XLA_FLAGS=--xla_dump_to=/tmp/foo and attach the results.
********************************
2025-03-05 12:15:22.865243: E external/xla/xla/service/slow_operation_alarm.cc:140] The operation took 2m59.771124062s

********************************
[Compiling module jit_scaled_loss] Very slow compile? If you want to file a bug, run with envvar XLA_FLAGS=--xla_dump_to=/tmp/foo and attach the results.
********************************
2025-03-05 12:18:06,430 - __main__ - INFO - Epoch 0 Loss: Avg 357.0706289140863, Med 271.7964190529736, Min 156.48640663900778
2025-03-05 12:20:23,162 - __main__ - INFO - Epoch 1 Loss: Avg 324.70384881609533, Med 256.35664874372907, Min 141.1099276520241
2025-03-05 12:22:39,397 - __main__ - INFO - Epoch 2 Loss: Avg 309.5427518663207, Med 245.0414640123367, Min 139.10487007930527
2025-03-05 12:24:55,625 - __main__ - INFO - Epoch 3 Loss: Avg 298.2756264472292, Med 236.45014236945244, Min 154.94037634077188
2025-03-05 12:27:11,929 - __main__ - INFO - Epoch 4 Loss: Avg 290.17076426189016, Med 228.31528840239855, Min 153.32210065630335
2025-03-05 12:29:28,282 - __main__ - INFO - Epoch 5 Loss: Avg 282.9573829411833, Med 222.2973243236251, Min 119.72450653335102
2025-03-05 12:31:44,673 - __main__ - INFO - Epoch 6 Loss: Avg 276.8670224921536, Med 217.60068500161452, Min 117.31684303247448
2025-03-05 12:34:00,873 - __main__ - INFO - Epoch 7 Loss: Avg 271.5613649881198, Med 214.90843963772505, Min 135.9749235988312
2025-03-05 12:36:17,087 - __main__ - INFO - Epoch 8 Loss: Avg 265.57641792862427, Med 212.781763131658, Min 138.5742455890727
2025-03-05 12:38:33,458 - __main__ - INFO - Epoch 9 Loss: Avg 264.10802836133433, Med 211.31520403800494, Min 139.93955818368846
2025-03-05 12:40:49,823 - __main__ - INFO - Epoch 10 Loss: Avg 260.74662094930716, Med 210.56515924623312, Min 150.26052406926397
2025-03-05 12:43:06,054 - __main__ - INFO - Epoch 11 Loss: Avg 260.49425484218835, Med 209.80572087787564, Min 144.31860464422755
2025-03-05 12:45:22,249 - __main__ - INFO - Epoch 12 Loss: Avg 258.4588966871106, Med 209.32701718908191, Min 137.13214783735395
2025-03-05 12:47:38,570 - __main__ - INFO - Epoch 13 Loss: Avg 257.7622258763387, Med 208.99206619053388, Min 126.45765307060856
2025-03-05 12:49:54,795 - __main__ - INFO - Epoch 14 Loss: Avg 257.187497786498, Med 208.80851271185776, Min 123.12750612853222
2025-03-05 12:52:11,041 - __main__ - INFO - Epoch 15 Loss: Avg 257.2559774001118, Med 208.57382159734826, Min 115.97891669310684
2025-03-05 12:54:27,167 - __main__ - INFO - Epoch 16 Loss: Avg 256.75961250055644, Med 208.363589447234, Min 139.19528761570348
2025-03-05 12:56:43,425 - __main__ - INFO - Epoch 17 Loss: Avg 255.55408284499183, Med 208.2215138967375, Min 125.85352877982274
2025-03-05 12:58:59,426 - __main__ - INFO - Epoch 18 Loss: Avg 255.5734014002994, Med 208.03109534887213, Min 132.36794951535785
2025-03-05 13:01:15,709 - __main__ - INFO - Epoch 19 Loss: Avg 254.7481681913918, Med 207.93659121266373, Min 120.33721740610588
2025-03-05 13:03:32,008 - __main__ - INFO - Epoch 20 Loss: Avg 253.3237049995747, Med 207.80235313177457, Min 110.89137420512543
2025-03-05 13:05:48,319 - __main__ - INFO - Epoch 21 Loss: Avg 253.0118145952084, Med 207.72797654503194, Min 112.54652606230536
2025-03-05 13:08:04,545 - __main__ - INFO - Epoch 22 Loss: Avg 253.22402402496095, Med 207.603005774873, Min 117.68476468062374
2025-03-05 13:10:20,768 - __main__ - INFO - Epoch 23 Loss: Avg 253.07684458370565, Med 207.53453196810312, Min 105.69134623558114
2025-03-05 13:12:37,109 - __main__ - INFO - Epoch 24 Loss: Avg 252.8377247508892, Med 207.45519663129016, Min 119.07733865835098
2025-03-05 13:14:53,407 - __main__ - INFO - Epoch 25 Loss: Avg 252.83954150902252, Med 207.39589064817864, Min 114.28426565995267
2025-03-05 13:17:09,652 - __main__ - INFO - Epoch 26 Loss: Avg 252.4030179938154, Med 207.32282765769057, Min 118.07705267930658
2025-03-05 13:19:25,919 - __main__ - INFO - Epoch 27 Loss: Avg 253.15366020226645, Med 207.28018356847343, Min 109.89699845716558
2025-03-05 13:21:42,132 - __main__ - INFO - Epoch 28 Loss: Avg 255.12898168054315, Med 207.21251089459358, Min 113.8483628088062
2025-03-05 13:23:58,338 - __main__ - INFO - Epoch 29 Loss: Avg 253.2353468726655, Med 207.1373263718516, Min 130.65943755342118
2025-03-05 13:26:14,569 - __main__ - INFO - Epoch 30 Loss: Avg 253.93530509682853, Med 207.08651833461687, Min 115.36782535864404
2025-03-05 13:28:30,839 - __main__ - INFO - Epoch 31 Loss: Avg 254.31090073797597, Med 207.01513788886743, Min 112.65444116663105
2025-03-05 13:30:47,022 - __main__ - INFO - Epoch 32 Loss: Avg 254.7872071049486, Med 206.9659096344381, Min 110.40614226800926
2025-03-05 13:33:03,290 - __main__ - INFO - Epoch 33 Loss: Avg 254.0470245995352, Med 206.91530425301863, Min 110.23601074703151
2025-03-05 13:35:19,487 - __main__ - INFO - Epoch 34 Loss: Avg 255.89569682980522, Med 206.85213610815495, Min 110.8490272644184
2025-03-05 13:37:35,645 - __main__ - INFO - Epoch 35 Loss: Avg 255.0437100229033, Med 206.80811018330303, Min 109.46118180343092
2025-03-05 13:39:51,853 - __main__ - INFO - Epoch 36 Loss: Avg 255.55624064661242, Med 206.75646707693346, Min 110.99185905437452
2025-03-05 13:42:08,066 - __main__ - INFO - Epoch 37 Loss: Avg 254.2249890809899, Med 206.72504399542078, Min 116.19836379213609
2025-03-05 13:44:23,952 - __main__ - INFO - Epoch 38 Loss: Avg 254.7970244127767, Med 206.67850009109486, Min 106.25274107283786
2025-03-05 13:46:40,178 - __main__ - INFO - Epoch 39 Loss: Avg 253.97214888231494, Med 206.6513271620846, Min 116.06252593570389
2025-03-05 13:48:56,336 - __main__ - INFO - Epoch 40 Loss: Avg 254.45314248751788, Med 206.5915995445424, Min 111.71882231001973
2025-03-05 13:51:12,636 - __main__ - INFO - Epoch 41 Loss: Avg 254.84131187203351, Med 206.60180462966096, Min 115.20224454703481
2025-03-05 13:53:28,862 - __main__ - INFO - Epoch 42 Loss: Avg 255.36236108711856, Med 206.5185575883048, Min 135.46343791490358
2025-03-05 13:55:45,189 - __main__ - INFO - Epoch 43 Loss: Avg 255.33445901924085, Med 206.506144676694, Min 109.36006339570014
2025-03-05 13:58:01,356 - __main__ - INFO - Epoch 44 Loss: Avg 256.7176421990452, Med 206.45141159800573, Min 131.6005435427047
2025-03-05 14:00:17,589 - __main__ - INFO - Epoch 45 Loss: Avg 256.5368528964719, Med 206.4391442295252, Min 105.57132318025054
2025-03-05 14:02:33,851 - __main__ - INFO - Epoch 46 Loss: Avg 255.95036268311793, Med 206.3922435791666, Min 109.7944013459184
2025-03-05 14:04:50,169 - __main__ - INFO - Epoch 47 Loss: Avg 256.8407373219886, Med 206.38462824713912, Min 120.34657867323403
2025-03-05 14:07:06,252 - __main__ - INFO - Epoch 48 Loss: Avg 260.3852779132928, Med 206.33913713273074, Min 116.24348135791394
2025-03-05 14:09:22,476 - __main__ - INFO - Epoch 49 Loss: Avg 257.87503223187764, Med 206.31779320018097, Min 106.86011361459776
2025-03-05 14:09:22,751 - __main__ - INFO - 10 best losses: [105.57132318 105.69134624 106.25274107 109.4611818  115.97891669
 120.86872929 120.89620519 127.6465173  130.20263615 130.65943755]
/home/macke/mdeistler57/.conda/envs/jaxley/lib/python3.12/site-packages/jaxley/utils/swc.py:33: UserWarning: Found a soma which consists of a single traced point. `Jaxley` interprets this soma as a spherical compartment with radius specified in the SWC file, i.e. with surface area 4*pi*r*r.
  warn(
dt_difference 5.0
Amplitude stimulus: 0.20999999344348907
Added 1 external_states. See `.externals` for details.
Added 1 recordings. See `.recordings` for details.
2025-03-05 14:11:05,587 - __main__ - INFO - Minimal error: 15.7713
2025-03-05 14:11:05,587 - __main__ - INFO - ===========
2025-03-05 14:11:05,587 - __main__ - INFO - Error in spike_count: 0.0000
2025-03-05 14:11:05,587 - __main__ - INFO - Error in first_spike_time: 0.5750
2025-03-05 14:11:05,587 - __main__ - INFO - Error in second_spike_time: 1.5250
2025-03-05 14:11:05,587 - __main__ - INFO - Error in first_spike_amp: 7.9595
2025-03-05 14:11:05,587 - __main__ - INFO - Error in second_spike_amp: 3.6118
