Hello from task 0
2025-03-05 12:10:10,165 - __main__ - INFO - Start run with seed 0
2025-03-05 12:10:10,166 - __main__ - INFO - Observation: allen
2025-03-05 12:10:10,166 - __main__ - INFO - Number of particles: 1000
2025-03-05 12:10:10,166 - __main__ - INFO - Steps: 50
2025-03-05 12:10:10,166 - __main__ - INFO - Learning rate: 0.0005
2025-03-05 12:10:10,166 - __main__ - INFO - Momentum: 0.0
2025-03-05 12:10:10,166 - __main__ - INFO - Cost fn power: 1.0
2025-03-05 12:10:10,166 - __main__ - INFO - t_max: 199.5
2025-03-05 12:10:10,166 - __main__ - INFO - Setup: 480353286
2025-03-05 12:10:10,166 - __main__ - INFO - JAX version: 0.4.38
2025-03-05 12:10:10,166 - __main__ - INFO - Device: [CudaDevice(id=0)]
2025-03-05 12:10:10,166 - __main__ - INFO - Start run with seed 0
2025-03-05 12:10:10,166 - __main__ - INFO - Building cell and loading data...
2025-03-05 12:10:10,166 - __main__ - INFO - Observation: allen
2025-03-05 12:10:10,166 - __main__ - INFO - Setup: 480353286
/home/macke/mdeistler57/.conda/envs/jaxley/lib/python3.12/site-packages/jaxley/utils/swc.py:33: UserWarning: Found a soma which consists of a single traced point. `Jaxley` interprets this soma as a spherical compartment with radius specified in the SWC file, i.e. with surface area 4*pi*r*r.
  warn(
dt_difference 5.0
Amplitude stimulus: 0.26999998092651367
Added 1 external_states. See `.externals` for details.
Added 1 recordings. See `.recordings` for details.
2025-03-05 12:10:24,139 - __main__ - INFO - Building prior and log likelihood function...
Number of parameters: 25
2025-03-05 12:10:24,979 - __main__ - INFO - Running Gradient Descent...
2025-03-05 12:10:26,295 - __main__ - INFO - opt_params.shape (1000, 25)
2025-03-05 12:15:43,537 - __main__ - INFO - Epoch 0 Loss: Avg 452.0933042342458, Med 376.64928780656896, Min 125.05705371403494
2025-03-05 12:17:22,061 - __main__ - INFO - Epoch 1 Loss: Avg 403.5592015580686, Med 335.75754390932434, Min 149.04994377327213
2025-03-05 12:19:00,102 - __main__ - INFO - Epoch 2 Loss: Avg 376.6928924841483, Med 321.08791883681323, Min 136.90378013700453
2025-03-05 12:20:38,265 - __main__ - INFO - Epoch 3 Loss: Avg 357.50668053865445, Med 296.4742973280435, Min 125.42926862196808
2025-03-05 12:22:16,420 - __main__ - INFO - Epoch 4 Loss: Avg 343.0566289676118, Med 277.25399992546915, Min 130.0674006782019
2025-03-05 12:23:54,444 - __main__ - INFO - Epoch 5 Loss: Avg 329.59868788290703, Med 265.7288505474118, Min 133.8996465713818
2025-03-05 12:25:32,517 - __main__ - INFO - Epoch 6 Loss: Avg 316.6206645845182, Med 255.3577699553908, Min 130.510903155038
2025-03-05 12:27:10,683 - __main__ - INFO - Epoch 7 Loss: Avg 310.3299752517949, Med 250.81569105760366, Min 122.35240598570826
2025-03-05 12:28:48,753 - __main__ - INFO - Epoch 8 Loss: Avg 307.36996236164714, Med 248.2239889864259, Min 135.5493480367825
2025-03-05 12:30:26,862 - __main__ - INFO - Epoch 9 Loss: Avg 296.80775836218453, Med 237.0040745475876, Min 123.5200295654208
2025-03-05 12:32:04,939 - __main__ - INFO - Epoch 10 Loss: Avg 296.34613067548, Med 237.28536603816778, Min 126.15503544492881
2025-03-05 12:33:43,019 - __main__ - INFO - Epoch 11 Loss: Avg 289.9078572570701, Med 234.33273732805418, Min 116.56016458893518
2025-03-05 12:35:21,098 - __main__ - INFO - Epoch 12 Loss: Avg 286.6515197616385, Med 231.06361844436748, Min 107.67097849223532
2025-03-05 12:36:59,195 - __main__ - INFO - Epoch 13 Loss: Avg 285.2459769318384, Med 229.69085612469968, Min 117.44793181966301
2025-03-05 12:38:37,293 - __main__ - INFO - Epoch 14 Loss: Avg 284.0023412979179, Med 228.535273970125, Min 120.21322940606566
2025-03-05 12:40:15,042 - __main__ - INFO - Epoch 15 Loss: Avg 281.8865861644301, Med 227.35914573551568, Min 122.75149611299739
2025-03-05 12:41:53,075 - __main__ - INFO - Epoch 16 Loss: Avg 279.74123262048806, Med 226.4082360782362, Min 97.93233560700727
2025-03-05 12:43:31,133 - __main__ - INFO - Epoch 17 Loss: Avg 273.4137270200747, Med 225.4022665419744, Min 111.09020243559016
2025-03-05 12:45:09,276 - __main__ - INFO - Epoch 18 Loss: Avg 272.37622669134265, Med 225.04499109230238, Min 137.55434013130142
2025-03-05 12:46:47,413 - __main__ - INFO - Epoch 19 Loss: Avg 270.4340881152057, Med 224.4460255805143, Min 111.05510078893516
2025-03-05 12:48:25,523 - __main__ - INFO - Epoch 20 Loss: Avg 265.9706105078519, Med 223.97567002173545, Min 100.93368141660491
2025-03-05 12:50:03,685 - __main__ - INFO - Epoch 21 Loss: Avg 265.10587606251994, Med 223.439625651893, Min 101.27405735362302
2025-03-05 12:51:41,746 - __main__ - INFO - Epoch 22 Loss: Avg 264.759530662799, Med 223.21729449357136, Min 117.14161612937048
2025-03-05 12:53:19,834 - __main__ - INFO - Epoch 23 Loss: Avg 263.156477300344, Med 222.5995460870739, Min 98.71963217037475
2025-03-05 12:54:57,915 - __main__ - INFO - Epoch 24 Loss: Avg 262.1597102655819, Med 222.39153652308474, Min 104.22276268986806
2025-03-05 12:56:35,664 - __main__ - INFO - Epoch 25 Loss: Avg 261.46277475274775, Med 222.24643666298022, Min 111.98702427584507
2025-03-05 12:58:13,453 - __main__ - INFO - Epoch 26 Loss: Avg 259.8309396259225, Med 221.90304267737943, Min 111.85509670815563
2025-03-05 12:59:51,483 - __main__ - INFO - Epoch 27 Loss: Avg 259.89044471450256, Med 221.6952244731351, Min 108.61289177309217
2025-03-05 13:01:29,599 - __main__ - INFO - Epoch 28 Loss: Avg 258.28556102287854, Med 221.49908312487028, Min 104.86689221593267
2025-03-05 13:03:07,405 - __main__ - INFO - Epoch 29 Loss: Avg 257.90150798562576, Med 221.16843355516593, Min 116.61747731053183
2025-03-05 13:04:45,427 - __main__ - INFO - Epoch 30 Loss: Avg 256.81054417154246, Med 221.15735445793192, Min 98.23468009508005
2025-03-05 13:06:23,544 - __main__ - INFO - Epoch 31 Loss: Avg 253.50191835089558, Med 220.96480347539156, Min 110.91913024056268
2025-03-05 13:08:01,670 - __main__ - INFO - Epoch 32 Loss: Avg 253.91647991586436, Med 221.08965151966117, Min 92.67461185335137
2025-03-05 13:09:39,730 - __main__ - INFO - Epoch 33 Loss: Avg 251.39626872507668, Med 220.8918702858675, Min 111.83076280709983
2025-03-05 13:11:17,524 - __main__ - INFO - Epoch 34 Loss: Avg 250.92794119630634, Med 220.78130582998185, Min 89.71949320647568
2025-03-05 13:12:55,644 - __main__ - INFO - Epoch 35 Loss: Avg 249.73648009043575, Med 220.66031906775336, Min 103.56450417797149
2025-03-05 13:14:33,681 - __main__ - INFO - Epoch 36 Loss: Avg 251.20772671602367, Med 220.72969227568436, Min 114.3658822358627
2025-03-05 13:16:11,810 - __main__ - INFO - Epoch 37 Loss: Avg 249.97377157414613, Med 220.5796135737647, Min 94.7960377526816
2025-03-05 13:17:49,926 - __main__ - INFO - Epoch 38 Loss: Avg 249.2119287564559, Med 220.53495120782785, Min 99.38348250846346
2025-03-05 13:19:27,988 - __main__ - INFO - Epoch 39 Loss: Avg 248.09371384903957, Med 220.51523176928285, Min 97.77640338754324
2025-03-05 13:21:06,108 - __main__ - INFO - Epoch 40 Loss: Avg 248.1599428159605, Med 220.39730888864895, Min 99.34649035904371
2025-03-05 13:22:44,246 - __main__ - INFO - Epoch 41 Loss: Avg 246.61731908228384, Med 220.4247222455976, Min 79.37707619566751
2025-03-05 13:24:22,426 - __main__ - INFO - Epoch 42 Loss: Avg 246.61126027821308, Med 220.36069013684866, Min 89.54879069613881
2025-03-05 13:26:00,579 - __main__ - INFO - Epoch 43 Loss: Avg 247.18432664679452, Med 220.4377909669735, Min 93.24095612970481
2025-03-05 13:27:38,772 - __main__ - INFO - Epoch 44 Loss: Avg 244.2472509333848, Med 220.20256876228657, Min 98.14481594580897
2025-03-05 13:29:16,987 - __main__ - INFO - Epoch 45 Loss: Avg 244.4929927087057, Med 220.25299613362463, Min 91.9459782720979
2025-03-05 13:30:55,135 - __main__ - INFO - Epoch 46 Loss: Avg 244.29825763765447, Med 220.14033696646976, Min 87.45766604779519
2025-03-05 13:32:33,257 - __main__ - INFO - Epoch 47 Loss: Avg 243.40108404955558, Med 220.07142404445162, Min 102.29899603697405
2025-03-05 13:34:11,413 - __main__ - INFO - Epoch 48 Loss: Avg 244.29699559540293, Med 220.02937937582843, Min 79.41573731194424
2025-03-05 13:35:49,601 - __main__ - INFO - Epoch 49 Loss: Avg 244.32377417048076, Med 219.94257577977493, Min 87.87514160299438
2025-03-05 13:35:49,873 - __main__ - INFO - 10 best losses: [ 79.3770762   79.41573731  87.45766605  87.8751416   89.71949321
  94.79603775  97.93233561  99.34649036 100.93368142 101.09131334]
/home/macke/mdeistler57/.conda/envs/jaxley/lib/python3.12/site-packages/jaxley/utils/swc.py:33: UserWarning: Found a soma which consists of a single traced point. `Jaxley` interprets this soma as a spherical compartment with radius specified in the SWC file, i.e. with surface area 4*pi*r*r.
  warn(
dt_difference 5.0
Amplitude stimulus: 0.26999998092651367
Added 1 external_states. See `.externals` for details.
Added 1 recordings. See `.recordings` for details.
2025-03-05 13:37:08,518 - __main__ - INFO - Minimal error: 34.3483
2025-03-05 13:37:08,518 - __main__ - INFO - ===========
2025-03-05 13:37:08,518 - __main__ - INFO - Error in spike_count: 0.0000
2025-03-05 13:37:08,518 - __main__ - INFO - Error in first_spike_time: 1.5250
2025-03-05 13:37:08,518 - __main__ - INFO - Error in second_spike_time: 8.0500
2025-03-05 13:37:08,518 - __main__ - INFO - Error in first_spike_amp: 8.3692
2025-03-05 13:37:08,518 - __main__ - INFO - Error in second_spike_amp: 6.8291
