Hello from task 0
2025-03-06 02:10:28,504 - __main__ - INFO - Start run with seed 0
2025-03-06 02:10:28,504 - __main__ - INFO - Observation: allen
2025-03-06 02:10:28,504 - __main__ - INFO - Number of particles: 1000
2025-03-06 02:10:28,504 - __main__ - INFO - Steps: 50
2025-03-06 02:10:28,504 - __main__ - INFO - Learning rate: 0.0005
2025-03-06 02:10:28,504 - __main__ - INFO - Momentum: 0.0
2025-03-06 02:10:28,504 - __main__ - INFO - Cost fn power: 1.0
2025-03-06 02:10:28,504 - __main__ - INFO - t_max: 199.5
2025-03-06 02:10:28,504 - __main__ - INFO - Setup: 473601979
2025-03-06 02:10:28,504 - __main__ - INFO - JAX version: 0.4.38
2025-03-06 02:10:28,504 - __main__ - INFO - Device: [CudaDevice(id=0)]
2025-03-06 02:10:28,504 - __main__ - INFO - Start run with seed 0
2025-03-06 02:10:28,504 - __main__ - INFO - Building cell and loading data...
2025-03-06 02:10:28,504 - __main__ - INFO - Observation: allen
2025-03-06 02:10:28,504 - __main__ - INFO - Setup: 473601979
/home/macke/mdeistler57/.conda/envs/jaxley/lib/python3.12/site-packages/jaxley/utils/swc.py:33: UserWarning: Found a soma which consists of a single traced point. `Jaxley` interprets this soma as a spherical compartment with radius specified in the SWC file, i.e. with surface area 4*pi*r*r.
  warn(
dt_difference 5.0
Amplitude stimulus: 0.17000000178813934
Added 1 external_states. See `.externals` for details.
Added 1 recordings. See `.recordings` for details.
2025-03-06 02:10:35,446 - __main__ - INFO - Building prior and log likelihood function...
Number of parameters: 25
2025-03-06 02:10:36,163 - __main__ - INFO - Running Gradient Descent...
2025-03-06 02:10:37,271 - __main__ - INFO - opt_params.shape (1000, 25)
2025-03-06 02:13:23,215 - __main__ - INFO - Epoch 0 Loss: Avg 1023.5796014043407, Med 1020.6640487678931, Min 293.2118022690811
2025-03-06 02:14:20,341 - __main__ - INFO - Epoch 1 Loss: Avg 925.2824007174527, Med 939.8898693630154, Min 281.4800335755349
2025-03-06 02:15:17,171 - __main__ - INFO - Epoch 2 Loss: Avg 849.368936448572, Med 861.6185219551833, Min 272.4386038842466
2025-03-06 02:16:13,976 - __main__ - INFO - Epoch 3 Loss: Avg 810.6872290804612, Med 819.1024145001968, Min 284.3422818146173
2025-03-06 02:17:10,784 - __main__ - INFO - Epoch 4 Loss: Avg 785.2788181584176, Med 806.7953437533386, Min 283.5187354269432
2025-03-06 02:18:07,609 - __main__ - INFO - Epoch 5 Loss: Avg 765.3729560110835, Med 778.1974443797287, Min 282.252880361636
2025-03-06 02:19:04,405 - __main__ - INFO - Epoch 6 Loss: Avg 746.4373361857173, Med 770.1456077932321, Min 271.0180649753853
2025-03-06 02:20:01,216 - __main__ - INFO - Epoch 7 Loss: Avg 729.3295186880725, Med 740.3241842411908, Min 250.20549116915348
2025-03-06 02:20:58,091 - __main__ - INFO - Epoch 8 Loss: Avg 712.246793942858, Med 731.8120440799028, Min 267.22426830764834
2025-03-06 02:21:54,883 - __main__ - INFO - Epoch 9 Loss: Avg 704.3625843061695, Med 712.5341172611784, Min 219.09329079306005
2025-03-06 02:22:51,722 - __main__ - INFO - Epoch 10 Loss: Avg 696.307543411944, Med 717.9572404984755, Min 238.09980348266564
2025-03-06 02:23:48,516 - __main__ - INFO - Epoch 11 Loss: Avg 682.7003234007237, Med 692.8426361286337, Min 245.45145116854783
2025-03-06 02:24:45,319 - __main__ - INFO - Epoch 12 Loss: Avg 668.8329502752403, Med 678.4024528635982, Min 241.15247041947057
2025-03-06 02:25:42,143 - __main__ - INFO - Epoch 13 Loss: Avg 661.8666909915304, Med 668.3664200739795, Min 249.75520578070459
2025-03-06 02:26:38,923 - __main__ - INFO - Epoch 14 Loss: Avg 656.7955483266405, Med 663.2891892127469, Min 222.05193725020493
2025-03-06 02:27:35,706 - __main__ - INFO - Epoch 15 Loss: Avg 643.1665019071501, Med 641.5829484983976, Min 196.52706786805126
2025-03-06 02:28:32,609 - __main__ - INFO - Epoch 16 Loss: Avg 636.6526095110453, Med 638.2342379301035, Min 234.96598663582986
2025-03-06 02:29:29,450 - __main__ - INFO - Epoch 17 Loss: Avg 631.1344862358062, Med 627.8634434671817, Min 222.87010084327122
2025-03-06 02:30:26,211 - __main__ - INFO - Epoch 18 Loss: Avg 625.6049670054866, Med 622.3978039446014, Min 215.54957806414407
2025-03-06 02:31:23,126 - __main__ - INFO - Epoch 19 Loss: Avg 622.1454161067057, Med 613.1154743274107, Min 218.91761102220656
2025-03-06 02:32:19,937 - __main__ - INFO - Epoch 20 Loss: Avg 617.6893919007595, Med 605.5171731618958, Min 205.06642876276445
2025-03-06 02:33:16,820 - __main__ - INFO - Epoch 21 Loss: Avg 611.5881523387146, Med 589.5473825278746, Min 186.36026462141913
2025-03-06 02:34:13,348 - __main__ - INFO - Epoch 22 Loss: Avg 607.4309804798265, Med 588.1082156446425, Min 195.33223202334526
2025-03-06 02:35:10,309 - __main__ - INFO - Epoch 23 Loss: Avg 603.8806764519531, Med 584.5940330386339, Min 175.732179571893
2025-03-06 02:36:07,068 - __main__ - INFO - Epoch 24 Loss: Avg 597.8503008444706, Med 575.9041566981334, Min 231.8428144457978
2025-03-06 02:37:03,918 - __main__ - INFO - Epoch 25 Loss: Avg 593.6355423773646, Med 567.4805715990872, Min 204.6119053658323
2025-03-06 02:38:00,674 - __main__ - INFO - Epoch 26 Loss: Avg 586.7691452529589, Med 549.2083382340707, Min 224.25662636964418
2025-03-06 02:38:57,614 - __main__ - INFO - Epoch 27 Loss: Avg 581.0735319195782, Med 534.1336215321971, Min 182.1677421141858
2025-03-06 02:39:54,396 - __main__ - INFO - Epoch 28 Loss: Avg 578.2509924735912, Med 525.8843325259515, Min 189.06322702341768
2025-03-06 02:40:51,004 - __main__ - INFO - Epoch 29 Loss: Avg 572.3581187252734, Med 516.8816108651122, Min 178.19818174995603
2025-03-06 02:41:47,553 - __main__ - INFO - Epoch 30 Loss: Avg 568.5979354141133, Med 502.7571704765492, Min 222.21464115620407
2025-03-06 02:42:44,434 - __main__ - INFO - Epoch 31 Loss: Avg 565.266738710236, Med 491.3313050688411, Min 210.31329878433226
2025-03-06 02:43:41,265 - __main__ - INFO - Epoch 32 Loss: Avg 560.1634985647414, Med 476.38415892565985, Min 214.43548678134178
2025-03-06 02:44:38,166 - __main__ - INFO - Epoch 33 Loss: Avg 556.226155325061, Med 441.5574679574432, Min 182.93918670680014
2025-03-06 02:45:34,992 - __main__ - INFO - Epoch 34 Loss: Avg 553.1777648270119, Med 448.70260400837435, Min 214.71975101809463
2025-03-06 02:46:31,825 - __main__ - INFO - Epoch 35 Loss: Avg 545.800218757432, Med 407.3805210102097, Min 196.52424409961313
2025-03-06 02:47:28,655 - __main__ - INFO - Epoch 36 Loss: Avg 542.867909970757, Med 434.65357757299114, Min 217.2242865200657
2025-03-06 02:48:25,557 - __main__ - INFO - Epoch 37 Loss: Avg 543.1692260445404, Med 415.49954558811845, Min 178.3224069120719
2025-03-06 02:49:22,159 - __main__ - INFO - Epoch 38 Loss: Avg 535.562269158455, Med 391.25446135891974, Min 206.7204730505837
2025-03-06 02:50:19,040 - __main__ - INFO - Epoch 39 Loss: Avg 533.7527933585642, Med 391.42266933504243, Min 195.05130614798432
2025-03-06 02:51:15,865 - __main__ - INFO - Epoch 40 Loss: Avg 529.0804756651189, Med 377.0832538712813, Min 168.27568225270525
2025-03-06 02:52:12,474 - __main__ - INFO - Epoch 41 Loss: Avg 522.6711773872305, Med 366.8921907879741, Min 207.010838267815
2025-03-06 02:53:09,090 - __main__ - INFO - Epoch 42 Loss: Avg 518.8825908153144, Med 356.9107038763705, Min 189.51054425927353
2025-03-06 02:54:05,912 - __main__ - INFO - Epoch 43 Loss: Avg 512.0527037407298, Med 356.7259811726397, Min 196.83150071456353
2025-03-06 02:55:02,532 - __main__ - INFO - Epoch 44 Loss: Avg 509.3556237721852, Med 339.22377310659937, Min 201.77612956763383
2025-03-06 02:55:59,465 - __main__ - INFO - Epoch 45 Loss: Avg 506.20613621829926, Med 342.59984883192857, Min 194.43900353827743
2025-03-06 02:56:56,107 - __main__ - INFO - Epoch 46 Loss: Avg 502.63212611166637, Med 335.2446054216038, Min 201.9571941690215
2025-03-06 02:57:53,020 - __main__ - INFO - Epoch 47 Loss: Avg 498.1853568534974, Med 330.6731684548127, Min 214.71264263727122
2025-03-06 02:58:49,658 - __main__ - INFO - Epoch 48 Loss: Avg 495.05192569982296, Med 326.50815852078523, Min 197.52935973781476
2025-03-06 02:59:46,280 - __main__ - INFO - Epoch 49 Loss: Avg 492.1370570894239, Med 323.21696645502857, Min 197.29289400101166
2025-03-06 02:59:46,528 - __main__ - INFO - 10 best losses: [168.27568225 175.73217957 178.32240691 189.51054426 194.43900354
 196.5242441  197.292894   197.52935974 199.29139469 199.54250509]
/home/macke/mdeistler57/.conda/envs/jaxley/lib/python3.12/site-packages/jaxley/utils/swc.py:33: UserWarning: Found a soma which consists of a single traced point. `Jaxley` interprets this soma as a spherical compartment with radius specified in the SWC file, i.e. with surface area 4*pi*r*r.
  warn(
dt_difference 5.0
Amplitude stimulus: 0.17000000178813934
Added 1 external_states. See `.externals` for details.
Added 1 recordings. See `.recordings` for details.
2025-03-06 03:00:32,356 - __main__ - INFO - Minimal error: 44.9824
2025-03-06 03:00:32,356 - __main__ - INFO - ===========
2025-03-06 03:00:32,356 - __main__ - INFO - Error in spike_count: 2.0000
2025-03-06 03:00:32,356 - __main__ - INFO - Error in first_spike_time: 7.2750
2025-03-06 03:00:32,356 - __main__ - INFO - Error in second_spike_time: 6.7000
2025-03-06 03:00:32,356 - __main__ - INFO - Error in first_spike_amp: 3.0698
2025-03-06 03:00:32,356 - __main__ - INFO - Error in second_spike_amp: 3.9626
